# JRE version: OpenJDK Runtime Environment (8.0_212-b03) (build 1.8.0_212-8u212-b03-0ubuntu1.18.04.1-b03)
# Java VM: OpenJDK 64-Bit Server VM (25.212-b03 mixed mode linux-amd64 compressed oops)
Heap:
 PSYoungGen      total 188416K, used 0K [0x00000000eb700000, 0x00000000fe100000, 0x0000000100000000)
  eden space 80896K, 0% used [0x00000000eb700000,0x00000000eb700000,0x00000000f0600000)
  from space 107520K, 0% used [0x00000000f7800000,0x00000000f7800000,0x00000000fe100000)
  to   space 112128K, 0% used [0x00000000f0600000,0x00000000f0600000,0x00000000f7380000)
 ParOldGen       total 411136K, used 409771K [0x00000000c2400000, 0x00000000db580000, 0x00000000eb700000)
  object space 411136K, 99% used [0x00000000c2400000,0x00000000db42ac20,0x00000000db580000)
 Metaspace       used 2561K, capacity 4490K, committed 4864K, reserved 1056768K
  class space    used 268K, capacity 386K, committed 512K, reserved 1048576K
GC Heap History (10 events):
Event: 4.194 GC heap after
Heap after GC invocations=10 (full 3):
 PSYoungGen      total 124928K, used 70135K [0x00000000eb700000, 0x00000000fb980000, 0x0000000100000000)
  eden space 54784K, 0% used [0x00000000eb700000,0x00000000eb700000,0x00000000eec80000)
  from space 70144K, 99% used [0x00000000eec80000,0x00000000f30fdc60,0x00000000f3100000)
  to   space 91136K, 0% used [0x00000000f6080000,0x00000000f6080000,0x00000000fb980000)
 ParOldGen       total 220672K, used 133071K [0x00000000c2400000, 0x00000000cfb80000, 0x00000000eb700000)
  object space 220672K, 60% used [0x00000000c2400000,0x00000000ca5f3df0,0x00000000cfb80000)
 Metaspace       used 2561K, capacity 4490K, committed 4864K, reserved 1056768K
  class space    used 268K, capacity 386K, committed 512K, reserved 1048576K
}
Event: 4.223 GC heap before
{Heap before GC invocations=11 (full 3):
 PSYoungGen      total 124928K, used 124919K [0x00000000eb700000, 0x00000000fb980000, 0x0000000100000000)
  eden space 54784K, 100% used [0x00000000eb700000,0x00000000eec80000,0x00000000eec80000)
  from space 70144K, 99% used [0x00000000eec80000,0x00000000f30fdc60,0x00000000f3100000)
  to   space 91136K, 0% used [0x00000000f6080000,0x00000000f6080000,0x00000000fb980000)
 ParOldGen       total 220672K, used 133071K [0x00000000c2400000, 0x00000000cfb80000, 0x00000000eb700000)
  object space 220672K, 60% used [0x00000000c2400000,0x00000000ca5f3df0,0x00000000cfb80000)
 Metaspace       used 2561K, capacity 4490K, committed 4864K, reserved 1056768K
  class space    used 268K, capacity 386K, committed 512K, reserved 1048576K
Event: 4.675 GC heap after
Heap after GC invocations=11 (full 3):
 PSYoungGen      total 152576K, used 91127K [0x00000000eb700000, 0x00000000fe880000, 0x0000000100000000)
  eden space 61440K, 0% used [0x00000000eb700000,0x00000000eb700000,0x00000000ef300000)
  from space 91136K, 99% used [0x00000000f6080000,0x00000000fb97dc60,0x00000000fb980000)
  to   space 112128K, 0% used [0x00000000ef300000,0x00000000ef300000,0x00000000f6080000)
 ParOldGen       total 220672K, used 167023K [0x00000000c2400000, 0x00000000cfb80000, 0x00000000eb700000)
  object space 220672K, 75% used [0x00000000c2400000,0x00000000cc71bdf0,0x00000000cfb80000)
 Metaspace       used 2561K, capacity 4490K, committed 4864K, reserved 1056768K
  class space    used 268K, capacity 386K, committed 512K, reserved 1048576K
}
Event: 4.872 GC heap before
{Heap before GC invocations=12 (full 3):
 PSYoungGen      total 152576K, used 152567K [0x00000000eb700000, 0x00000000fe880000, 0x0000000100000000)
  eden space 61440K, 100% used [0x00000000eb700000,0x00000000ef300000,0x00000000ef300000)
  from space 91136K, 99% used [0x00000000f6080000,0x00000000fb97dc60,0x00000000fb980000)
  to   space 112128K, 0% used [0x00000000ef300000,0x00000000ef300000,0x00000000f6080000)
 ParOldGen       total 274944K, used 221106K [0x00000000c2400000, 0x00000000d3080000, 0x00000000eb700000)
  object space 274944K, 80% used [0x00000000c2400000,0x00000000cfbec878,0x00000000d3080000)
 Metaspace       used 2561K, capacity 4490K, committed 4864K, reserved 1056768K
  class space    used 268K, capacity 386K, committed 512K, reserved 1048576K
Event: 5.553 GC heap after
Heap after GC invocations=12 (full 3):
 PSYoungGen      total 173568K, used 112128K [0x00000000eb700000, 0x00000000fe580000, 0x0000000100000000)
  eden space 61440K, 0% used [0x00000000eb700000,0x00000000eb700000,0x00000000ef300000)
  from space 112128K, 100% used [0x00000000ef300000,0x00000000f6080000,0x00000000f6080000)
  to   space 112128K, 0% used [0x00000000f7800000,0x00000000f7800000,0x00000000fe580000)
 ParOldGen       total 274944K, used 225578K [0x00000000c2400000, 0x00000000d3080000, 0x00000000eb700000)
  object space 274944K, 82% used [0x00000000c2400000,0x00000000d004a878,0x00000000d3080000)
 Metaspace       used 2561K, capacity 4490K, committed 4864K, reserved 1056768K
  class space    used 268K, capacity 386K, committed 512K, reserved 1048576K
}
Event: 5.554 GC heap before
{Heap before GC invocations=13 (full 4):
 PSYoungGen      total 173568K, used 112128K [0x00000000eb700000, 0x00000000fe580000, 0x0000000100000000)
  eden space 61440K, 0% used [0x00000000eb700000,0x00000000eb700000,0x00000000ef300000)
  from space 112128K, 100% used [0x00000000ef300000,0x00000000f6080000,0x00000000f6080000)
  to   space 112128K, 0% used [0x00000000f7800000,0x00000000f7800000,0x00000000fe580000)
 ParOldGen       total 274944K, used 225578K [0x00000000c2400000, 0x00000000d3080000, 0x00000000eb700000)
  object space 274944K, 82% used [0x00000000c2400000,0x00000000d004a878,0x00000000d3080000)
 Metaspace       used 2561K, capacity 4490K, committed 4864K, reserved 1056768K
  class space    used 268K, capacity 386K, committed 512K, reserved 1048576K
Event: 9.674 GC heap after
Heap after GC invocations=13 (full 4):
 PSYoungGen      total 173568K, used 46546K [0x00000000eb700000, 0x00000000fe580000, 0x0000000100000000)
  eden space 61440K, 0% used [0x00000000eb700000,0x00000000eb700000,0x00000000ef300000)
  from space 112128K, 41% used [0x00000000ef300000,0x00000000f2074a00,0x00000000f6080000)
  to   space 112128K, 0% used [0x00000000f7800000,0x00000000f7800000,0x00000000fe580000)
 ParOldGen       total 411136K, used 274744K [0x00000000c2400000, 0x00000000db580000, 0x00000000eb700000)
  object space 411136K, 66% used [0x00000000c2400000,0x00000000d304e010,0x00000000db580000)
 Metaspace       used 2561K, capacity 4490K, committed 4864K, reserved 1056768K
  class space    used 268K, capacity 386K, committed 512K, reserved 1048576K
}
Event: 9.831 GC heap before
{Heap before GC invocations=14 (full 4):
 PSYoungGen      total 173568K, used 107986K [0x00000000eb700000, 0x00000000fe580000, 0x0000000100000000)
  eden space 61440K, 100% used [0x00000000eb700000,0x00000000ef300000,0x00000000ef300000)
  from space 112128K, 41% used [0x00000000ef300000,0x00000000f2074a00,0x00000000f6080000)
  to   space 112128K, 0% used [0x00000000f7800000,0x00000000f7800000,0x00000000fe580000)
 ParOldGen       total 411136K, used 355867K [0x00000000c2400000, 0x00000000db580000, 0x00000000eb700000)
  object space 411136K, 86% used [0x00000000c2400000,0x00000000d7f86fd8,0x00000000db580000)
 Metaspace       used 2561K, capacity 4490K, committed 4864K, reserved 1056768K
  class space    used 268K, capacity 386K, committed 512K, reserved 1048576K
Event: 10.406 GC heap after
Heap after GC invocations=14 (full 4):
 PSYoungGen      total 188416K, used 67872K [0x00000000eb700000, 0x00000000fe100000, 0x0000000100000000)
  eden space 80896K, 0% used [0x00000000eb700000,0x00000000eb700000,0x00000000f0600000)
  from space 107520K, 63% used [0x00000000f7800000,0x00000000fba48000,0x00000000fe100000)
  to   space 112128K, 0% used [0x00000000f0600000,0x00000000f0600000,0x00000000f7380000)
 ParOldGen       total 411136K, used 396227K [0x00000000c2400000, 0x00000000db580000, 0x00000000eb700000)
  object space 411136K, 96% used [0x00000000c2400000,0x00000000da6f0fd8,0x00000000db580000)
 Metaspace       used 2561K, capacity 4490K, committed 4864K, reserved 1056768K
  class space    used 268K, capacity 386K, committed 512K, reserved 1048576K
}
Event: 10.406 GC heap before
{Heap before GC invocations=15 (full 5):
 PSYoungGen      total 188416K, used 67872K [0x00000000eb700000, 0x00000000fe100000, 0x0000000100000000)
  eden space 80896K, 0% used [0x00000000eb700000,0x00000000eb700000,0x00000000f0600000)
  from space 107520K, 63% used [0x00000000f7800000,0x00000000fba48000,0x00000000fe100000)
  to   space 112128K, 0% used [0x00000000f0600000,0x00000000f0600000,0x00000000f7380000)
 ParOldGen       total 411136K, used 396227K [0x00000000c2400000, 0x00000000db580000, 0x00000000eb700000)
  object space 411136K, 96% used [0x00000000c2400000,0x00000000da6f0fd8,0x00000000db580000)
 Metaspace       used 2561K, capacity 4490K, committed 4864K, reserved 1056768K
  class space    used 268K, capacity 386K, committed 512K, reserved 1048576K

